C:\Users\User\Documents\Projeto_Elétrico_Residencial\Projeto_Elétrico_Residencial (Versão Recente)\Detalhes\Detalhe_Interfone.dwg,Layout1,19/10/2017 00:27:13,User,AutoCAD PDF (General Documentation).pc3,ISO A4 (210.00 x 297.00 mm),1:5,
C:\Users\User\Documents\Projeto_Elétrico_Residencial\Projeto_Elétrico_Residencial (Versão Recente)\Detalhes\Detalhe_Interfone.dwg,Layout1,19/10/2017 00:31:00,User,AutoCAD PDF (General Documentation).pc3,ISO A4 (210.00 x 297.00 mm),1:5,
C:\Users\User\Documents\Projeto_Elétrico_Residencial\Projeto_Elétrico_Residencial (Versão Recente)\Detalhes\Detalhe_Interfone.dwg,Layout1,19/10/2017 00:58:59,User,AutoCAD PDF (General Documentation).pc3,ISO A4 (210.00 x 297.00 mm),1:5,
G:\Projeto_Elétrico_Residencial\Projeto_Elétrico_Residencial (Versão Recente)\Detalhes\Detalhe_caixa_dagua.dwg,Layout1,19/10/2017 01:10:38,User,AutoCAD PDF (General Documentation).pc3,ISO A4 (210.00 x 297.00 mm),1:5,
G:\Projeto_Elétrico_Residencial\Projeto_Elétrico_Residencial (Versão Recente)\Detalhes\Detalhe_caixa_dagua.dwg,Layout1,19/10/2017 01:20:22,User,DWG To PDF.pc3,ISO A4 (210.00 x 297.00 mm),1:5,
G:\Projeto_Elétrico_Residencial\Projeto_Elétrico_Residencial (Versão Recente)\Detalhes\Detalhe_caixa_dagua.dwg,Layout1,19/10/2017 01:21:13,User,DWG To PDF.pc3,ISO A4 (210.00 x 297.00 mm),1:5,
C:\Users\User\Documents\Projeto_Elétrico_Residencial\Projeto_Elétrico_Residencial (Versão Recente)\Detalhes\Detalhe_Interfone.dwg,Layout1,19/10/2017 01:31:08,User,AutoCAD PDF (General Documentation).pc3,ISO A4 (210.00 x 297.00 mm),1:5,
C:\Users\User\Documents\Projeto_Elétrico_Residencial\Projeto_Elétrico_Residencial (Versão Recente)\Detalhes\Detalhe_Interfone.dwg,Layout1,19/10/2017 01:31:38,User,AutoCAD PDF (General Documentation).pc3,ISO A4 (210.00 x 297.00 mm),1:5,
C:\Users\User\Documents\Projeto_Elétrico_Residencial\Projeto_Elétrico_Residencial (Versão Recente)\Detalhes\Detalhe_Interfone.dwg,Layout1,19/10/2017 01:44:30,User,AutoCAD PDF (General Documentation).pc3,ISO A4 (210.00 x 297.00 mm),1:5,
C:\Users\User\Documents\Projeto_Elétrico_Residencial\Projeto_Elétrico_Residencial (Versão Recente)\Detalhes\Detalhe_Interfone.dwg,Layout1,19/10/2017 01:45:38,User,AutoCAD PDF (General Documentation).pc3,ISO A4 (210.00 x 297.00 mm),1:5,
C:\Users\User\Documents\Projeto_Elétrico_Residencial\Projeto_Elétrico_Residencial (Versão Recente)\Detalhes\Detalhe_Interfone.dwg,Layout1,19/10/2017 01:50:00,User,AutoCAD PDF (General Documentation).pc3,ISO A4 (210.00 x 297.00 mm),1:5,
C:\Users\User\Documents\Projeto_Elétrico_Residencial\Projeto_Elétrico_Residencial (Versão Recente)\Detalhes\Detalhe_Interfone.dwg,Layout1,19/10/2017 01:51:04,User,AutoCAD PDF (General Documentation).pc3,ISO A4 (210.00 x 297.00 mm),1:5,
C:\Users\User\Documents\Projeto_Elétrico_Residencial\Projeto_Elétrico_Residencial (Versão Recente)\Detalhes\Detalhe_Interfone.dwg,Layout1,20/10/2017 00:55:42,User,AutoCAD PDF (General Documentation).pc3,ISO A4 (210.00 x 297.00 mm),1:5,
C:\Users\User\Documents\Projeto_Elétrico_Residencial\Projeto_Elétrico_Residencial (Versão Recente)\Detalhes\Detalhe_Interfone.dwg,Layout1,20/10/2017 01:22:20,User,AutoCAD PDF (General Documentation).pc3,ISO A4 (210.00 x 297.00 mm),1:5,
C:\Users\User\Documents\Projeto_Elétrico_Residencial\Projeto_Elétrico_Residencial (Versão Recente)\Detalhes\Detalhe Tomadas dos Split's.dwg,Layout1,20/10/2017 01:24:30,User,AutoCAD PDF (General Documentation).pc3,ISO A4 (210.00 x 297.00 mm),1:4.89945,
C:\Users\User\Documents\Projeto_Elétrico_Residencial\Projeto_Elétrico_Residencial (Versão Recente)\Detalhes\Quadro e diagrama unifilar.2007.dwg,Layout1,20/10/2017 01:28:31,User,AutoCAD PDF (General Documentation).pc3,ISO A4 (210.00 x 297.00 mm),1:0.0241776,
C:\Users\User\Documents\Projeto_Elétrico_Residencial\Projeto_Elétrico_Residencial (Versão Recente)\Detalhes\Quadro e diagrama unifilar.2007.dwg,Layout1,20/10/2017 01:44:28,User,AutoCAD PDF (General Documentation).pc3,ISO A4 (210.00 x 297.00 mm),1:0.988529,
C:\Users\User\Documents\Projeto_Elétrico_Residencial\Projeto_Elétrico_Residencial (Versão Recente)\Detalhes\Detalhe_portao_ele_ext.dwg,Layout1,20/10/2017 01:59:36,User,AutoCAD PDF (General Documentation).pc3,ISO A4 (210.00 x 297.00 mm),1:1,
C:\Users\User\Documents\Projeto_Elétrico_Residencial\Projeto_Elétrico_Residencial (Versão Recente)\Detalhes\Detalhe_Interfone.dwg,Layout1,20/10/2017 02:00:04,User,AutoCAD PDF (General Documentation).pc3,ISO A4 (210.00 x 297.00 mm),1:5,
C:\Users\User\Desktop\Quadro e diagrama unifilar.2007.dwg,Layout1,20/10/2017 02:01:35,User,AutoCAD PDF (General Documentation).pc3,ISO A4 (210.00 x 297.00 mm),1:0.0241776,
C:\Users\User\Documents\Projeto_Elétrico_Residencial\Projeto_Elétrico_Residencial (Versão Recente)\Detalhes\Detalhe_cisterna_BI.dwg,Layout1,20/10/2017 02:03:14,User,AutoCAD PDF (General Documentation).pc3,ISO A4 (210.00 x 297.00 mm),1:1,
C:\Users\User\Documents\Projeto_Elétrico_Residencial\Projeto_Elétrico_Residencial (Versão Recente)\Detalhes\Detalhe Tomadas dos Split's.dwg,Layout1,20/10/2017 02:04:27,User,AutoCAD PDF (General Documentation).pc3,ISO A4 (210.00 x 297.00 mm),1:5,
C:\Users\User\Documents\Projeto_Elétrico_Residencial\Projeto_Elétrico_Residencial (Versão Recente)\Detalhes\Detalhe_caixa_dagua.dwg,Layout1,20/10/2017 02:06:22,User,AutoCAD PDF (General Documentation).pc3,ISO A4 (210.00 x 297.00 mm),1:1,
C:\Users\User\Documents\Projeto_Elétrico_Residencial\Projeto_Elétrico_Residencial (Versão Recente)\Detalhes\Detalhe_caixa_medicao.dwg,Layout1,20/10/2017 02:08:12,User,AutoCAD PDF (General Documentation).pc3,ISO A4 (210.00 x 297.00 mm),1:1,
C:\Users\User\Documents\Projeto_Elétrico_Residencial\Projeto_Elétrico_Residencial (Versão Recente)\Detalhes\Quadro e diagrama unifilar.2007.dwg,Layout1,20/10/2017 02:10:11,User,AutoCAD PDF (General Documentation).pc3,ISO A4 (210.00 x 297.00 mm),1:1,
C:\Users\User\Documents\Projeto_Elétrico_Residencial\Projeto_Elétrico_Residencial (Versão Recente)\Detalhes\Quadro e diagrama unifilar.2007.dwg,Layout1,20/10/2017 03:20:30,User,AutoCAD PDF (General Documentation).pc3,ISO A4 (210.00 x 297.00 mm),1:0.0241776,
C:\Users\User\Documents\Projeto_Elétrico_Residencial\Projeto_Elétrico_Residencial (Versão Recente)\Detalhes\Quadro e diagrama unifilar.2007.dwg,Layout1,20/10/2017 03:26:46,User,AutoCAD PDF (General Documentation).pc3,ISO A4 (210.00 x 297.00 mm),1:0.0241776,
C:\Users\User\Documents\Projeto_Elétrico_Residencial\Projeto_Elétrico_Residencial (Versão Recente)\Detalhes\Quadro e diagrama unifilar.2007.dwg,Layout1,20/10/2017 03:27:51,User,AutoCAD PDF (General Documentation).pc3,ISO A4 (210.00 x 297.00 mm),1:0.0241776,
C:\Users\User\Documents\Projeto_Elétrico_Residencial\Projeto_Elétrico_Residencial (Versão Recente)\Projeto_Final\Arquivos_Cad\Detalhe_Interfone.dwg,Layout1,20/10/2017 17:14:17,User,AutoCAD PDF (General Documentation).pc3,ISO A4 (210.00 x 297.00 mm),1:5,
C:\Users\User\Documents\Projeto_Elétrico_Residencial\Projeto_Elétrico_Residencial (Versão Recente)\Projeto_Final\Arquivos_Cad\Detalhe_portao_ele_ext.dwg,Layout1,20/10/2017 17:16:18,User,AutoCAD PDF (General Documentation).pc3,ISO A4 (210.00 x 297.00 mm),1:1,
C:\Users\User\Documents\Projeto_Elétrico_Residencial\Projeto_Elétrico_Residencial (Versão Recente)\Projeto_Final\Arquivos_Cad\Detalhe_diagrama_unifilar_geral.dwg,Layout1,20/10/2017 17:19:28,User,AutoCAD PDF (General Documentation).pc3,ISO A4 (210.00 x 297.00 mm),1:1,
C:\Users\User\Documents\Projeto_Elétrico_Residencial\Projeto_Elétrico_Residencial (Versão Recente)\Projeto_Final\Arquivos_Cad\Detalhe_diagrama_unifilar_geral.dwg,Layout1,20/10/2017 17:20:43,User,AutoCAD PDF (General Documentation).pc3,ISO A4 (210.00 x 297.00 mm),1:1,
C:\Users\User\Documents\Projeto_Elétrico_Residencial\Projeto_Elétrico_Residencial (Versão Recente)\Projeto_Final\Arquivos_Cad\Detalhe Tomadas dos Split's.dwg,Layout1,20/10/2017 17:23:59,User,AutoCAD PDF (General Documentation).pc3,ISO A4 (210.00 x 297.00 mm),1:5,
C:\Users\User\Documents\Projeto_Elétrico_Residencial\Projeto_Elétrico_Residencial (Versão Recente)\Projeto_Final\Arquivos_Cad\Detalhe_caixa_medicao.dwg,Layout1,20/10/2017 17:28:33,User,AutoCAD PDF (General Documentation).pc3,ISO A4 (210.00 x 297.00 mm),1:1,
C:\Users\User\Documents\Projeto_Elétrico_Residencial\Projeto_Elétrico_Residencial (Versão Recente)\Projeto_Final\Arquivos_Cad\Detalhe_cisterna_BI.dwg,Layout1,20/10/2017 17:29:07,User,AutoCAD PDF (General Documentation).pc3,ISO A4 (210.00 x 297.00 mm),1:1,
C:\Users\User\Documents\Projeto_Elétrico_Residencial\Projeto_Elétrico_Residencial (Versão Recente)\Projeto_Final\Arquivos_Cad\Detalhe_caixa_dagua.dwg,Layout1,20/10/2017 17:30:05,User,AutoCAD PDF (General Documentation).pc3,ISO A4 (210.00 x 297.00 mm),1:1,
C:\Users\User\Documents\Projeto_Elétrico_Residencial\Projeto_Elétrico_Residencial (Versão Recente)\Projeto_Final\Arquivos_Cad\Detalhe_caixa_dagua.dwg,Layout1,20/10/2017 17:31:42,User,AutoCAD PDF (General Documentation).pc3,ISO A4 (210.00 x 297.00 mm),1:1,
C:\Users\User\Documents\Projeto_Elétrico_Residencial\Projeto_Elétrico_Residencial (Versão Recente)\Projeto_Final\Arquivos_Cad\Detalhe_entrada_de_serviço.dwg,Layout1,20/10/2017 17:32:41,User,AutoCAD PDF (General Documentation).pc3,ISO full bleed A4 (210.00 x 297.00 mm),1:1,
C:\Users\User\Documents\Projeto_Elétrico_Residencial\Projeto_Elétrico_Residencial (Versão Recente)\Projeto_Final\Arquivos_Cad\Detalhe Tomadas dos Split's.dwg,Layout1,20/10/2017 17:35:16,User,AutoCAD PDF (General Documentation).pc3,ISO A4 (210.00 x 297.00 mm),1:5,
C:\Users\User\Documents\Projeto_Elétrico_Residencial\Projeto_Elétrico_Residencial (Versão Recente)\Detalhes\Quadro e diagrama unifilar.2007.dwg,Layout1,20/10/2017 17:43:12,User,AutoCAD PDF (General Documentation).pc3,ISO A4 (210.00 x 297.00 mm),1:0.0318544,
C:\Users\User\Documents\Projeto_Elétrico_Residencial\Projeto_Elétrico_Residencial (Versão Recente)\Detalhes\Quadro e diagrama unifilar.2007.dwg,Layout1,20/10/2017 17:44:20,User,AutoCAD PDF (General Documentation).pc3,ISO A4 (297.00 x 210.00 mm),1:0.0331399,
C:\Users\User\Documents\Projeto_Elétrico_Residencial\Projeto_Elétrico_Residencial (Versão Recente)\Detalhes\Quadro e diagrama unifilar.2007.dwg,Layout1,20/10/2017 17:52:37,User,AutoCAD PDF (High Quality Print).pc3,ISO A4 (210.00 x 297.00 mm),1:0.0173212,
C:\Users\User\Documents\Projeto_Elétrico_Residencial\Projeto_Elétrico_Residencial (Versão Recente)\Detalhes\Detalhe_Interfone.dwg,Layout1,20/10/2017 18:02:32,User,AutoCAD PDF (General Documentation).pc3,ISO A4 (210.00 x 297.00 mm),1:5,
D:\Projeto_Elétrico_Residencial\Projeto_Final\Arquivos_Cad\Detalhe Tomadas dos Split's.dwg,Model,20/10/2017 21:39:50,Aluno,AutoCAD PDF (General Documentation).pc3,User 1 (297.00 x 210.00 MM),1:1,
D:\Projeto_Elétrico_Residencial\Projeto_Final\Arquivos_Cad\Detalhe Tomadas dos Split's.dwg,Model,20/10/2017 21:41:20,Aluno,AutoCAD PDF (General Documentation).pc3,User 1 (297.00 x 210.00 MM),1:1,
D:\Projeto_Elétrico_Residencial\Projeto_Final\Arquivos_Cad\Detalhe_caixa_medicao.dwg,Model,20/10/2017 21:42:18,Aluno,AutoCAD PDF (General Documentation).pc3,User 1 (297.00 x 210.00 MM),1:1,
D:\Projeto_Elétrico_Residencial\Projeto_Final\Arquivos_Cad\Detalhe_cisterna_BI.dwg,Model,20/10/2017 21:43:14,Aluno,AutoCAD PDF (General Documentation).pc3,User 1 (297.00 x 210.00 MM),1:1,
D:\Projeto_Elétrico_Residencial\Projeto_Final\Arquivos_Cad\Detalhe_entrada_de_serviço.dwg,Model,20/10/2017 21:44:42,Aluno,AutoCAD PDF (General Documentation).pc3,User 1 (297.00 x 210.00 MM),1:1,
D:\Projeto_Elétrico_Residencial\Projeto_Final\Arquivos_Cad\Detalhe_Interfone.dwg,Model,20/10/2017 21:46:15,Aluno,AutoCAD PDF (General Documentation).pc3,User 1 (210.00 x 297.00 MM),1:1,
G:\Projeto_Elétrico_Residencial\Projeto_Final\Arquivos_Cad\Detalhe_diagrama_unifilar_geral.dwg,Modelo,20/10/2017 23:40:27,User,AutoCAD PDF (General Documentation).pc3,Usuário 1 (297.00 x 210.00 mm),1:1,
G:\Projeto_Elétrico_Residencial\Projeto_Final\Arquivos_Cad\Detalhe_Interfone.dwg,Modelo,20/10/2017 23:43:06,User,AutoCAD PDF (General Documentation).pc3,Usuário 1 (210.00 x 297.00 mm),1:1,
G:\Projeto_Elétrico_Residencial\Projeto_Final\Arquivos_Cad\Detalhe_caixa_dagua.dwg,Modelo,20/10/2017 23:45:33,User,AutoCAD PDF (General Documentation).pc3,Usuário 1 (297.00 x 210.00 mm),1:1,
G:\Projeto_Elétrico_Residencial\Projeto_Final\Arquivos_Cad\Detalhe_caixa_dagua.dwg,Modelo,20/10/2017 23:50:55,User,AutoCAD PDF (General Documentation).pc3,Usuário 1 (297.00 x 210.00 mm),1:1,
C:\Users\User\OneDrive\Projeto_Final\Arquivos_Cad\Quadro e diagrama unifilar.2007.dwg,Modelo,21/10/2017 00:08:51,User,AutoCAD PDF (General Documentation).pc3,Usuário 1 (210.00 x 297.00 mm),1:1,
C:\Users\User\OneDrive\Projeto_Final\Arquivos_Cad\Quadro e diagrama unifilar.2007.dwg,Modelo,21/10/2017 00:17:38,User,AutoCAD PDF (General Documentation).pc3,Usuário 1 (210.00 x 297.00 mm),1:1,
C:\Users\User\OneDrive\Projeto_Final\Arquivos_Cad\Quadro e diagrama unifilar.2007.dwg,Modelo,21/10/2017 00:18:33,User,AutoCAD PDF (General Documentation).pc3,ISO full bleed A4 (210.00 x 297.00 mm),1:1.00762,
G:\Projeto_Elétrico_Residencial\Projeto_Final\Arquivos_Cad\Detalhe_Interfone.dwg,Modelo,21/10/2017 01:43:54,User,AutoCAD PDF (General Documentation).pc3,Usuário 1 (210.00 x 297.00 mm),1:1,
C:\Users\User\OneDrive\Projeto_Final\Arquivos_Cad\Quadro e diagrama unifilar.2007.dwg,Modelo,21/10/2017 01:45:03,User,AutoCAD PDF (General Documentation).pc3,Usuário 1 (210.00 x 297.00 mm),1:1,
G:\Projeto_Elétrico_Residencial\Projeto_Final\Arquivos_Cad\Detalhe Tomadas dos Split's.dwg,Modelo,21/10/2017 01:46:39,User,AutoCAD PDF (General Documentation).pc3,Usuário 1 (297.00 x 210.00 mm),1:1,
G:\Projeto_Elétrico_Residencial\Projeto_Final\Arquivos_Cad\Detalhe_caixa_dagua.dwg,Modelo,21/10/2017 01:47:41,User,AutoCAD PDF (General Documentation).pc3,Usuário 1 (297.00 x 210.00 mm),1:1,
G:\Projeto_Elétrico_Residencial\Projeto_Final\Arquivos_Cad\Detalhe_caixa_medicao.dwg,Modelo,21/10/2017 01:48:33,User,AutoCAD PDF (General Documentation).pc3,Usuário 1 (297.00 x 210.00 mm),1:1,
G:\Projeto_Elétrico_Residencial\Projeto_Final\Arquivos_Cad\Detalhe_cisterna_BI.dwg,Modelo,21/10/2017 01:49:14,User,AutoCAD PDF (General Documentation).pc3,Usuário 1 (297.00 x 210.00 mm),1:1,
G:\Projeto_Elétrico_Residencial\Projeto_Final\Arquivos_Cad\Detalhe_diagrama_unifilar_geral.dwg,Modelo,21/10/2017 01:49:55,User,AutoCAD PDF (General Documentation).pc3,Usuário 1 (297.00 x 210.00 mm),1:1,
G:\Projeto_Elétrico_Residencial\Projeto_Final\Arquivos_Cad\Detalhe_entrada_de_serviço.dwg,Modelo,21/10/2017 01:50:38,User,AutoCAD PDF (General Documentation).pc3,Usuário 1 (297.00 x 210.00 mm),1:1,
G:\Projeto_Elétrico_Residencial\Projeto_Final\Arquivos_Cad\Detalhe_portao_ele_ext.dwg,Modelo,21/10/2017 01:51:47,User,AutoCAD PDF (General Documentation).pc3,Usuário 1 (297.00 x 210.00 mm),1:1,
C:\Users\User\OneDrive\Projeto_Final\Arquivos_Cad\Quadro e diagrama unifilar.2007.dwg,Modelo,21/10/2017 01:54:58,User,AutoCAD PDF (General Documentation).pc3,Usuário 1 (210.00 x 297.00 mm),1:1,
G:\Projeto_Elétrico_Residencial\Projeto_Elétrico_Residencial (Versão Recente)\Planta_Baixa.dwg,Modelo,21/10/2017 01:58:11,User,AutoCAD PDF (General Documentation).pc3,Usuário 1 (420.00 x 297.00 mm),1:5,
G:\Projeto_Elétrico_Residencial\Projeto_Elétrico_Residencial (Versão Recente)\Planta_Baixa.dwg,Modelo,21/10/2017 02:03:23,User,AutoCAD PDF (General Documentation).pc3,Usuário 1 (420.00 x 297.00 mm),1:5,
G:\Projeto_Elétrico_Residencial\Projeto_Elétrico_Residencial (Versão Recente)\Planta_Baixa.dwg,Modelo,21/10/2017 02:04:52,User,AutoCAD PDF (General Documentation).pc3,Usuário 1 (420.00 x 297.00 mm),1:5,
G:\Projeto_Elétrico_Residencial\Projeto_Elétrico_Residencial (Versão Recente)\Planta_Baixa.dwg,Modelo,21/10/2017 02:06:36,User,AutoCAD PDF (General Documentation).pc3,Usuário 1 (420.00 x 297.00 mm),1:5,
G:\Projeto_Elétrico_Residencial\Projeto_Elétrico_Residencial (Versão Recente)\Planta_Baixa.dwg,Modelo,21/10/2017 02:08:11,User,AutoCAD PDF (General Documentation).pc3,Usuário 1 (420.00 x 297.00 mm),1:5,
G:\Projeto_Elétrico_Residencial\Projeto_Elétrico_Residencial (Versão Recente)\Planta_Baixa.dwg,Modelo,21/10/2017 02:10:07,User,AutoCAD PDF (General Documentation).pc3,Usuário 1 (420.00 x 297.00 mm),1:5,
C:\Users\User\Documents\Projeto_Elétrico_Residencial\Projeto_Elétrico_Residencial (Versão Recente)\Projeto_Final\Arquivos_Cad\Detalhe_Interfone.dwg,Modelo,21/10/2017 02:16:13,User,AutoCAD PDF (General Documentation).pc3,Usuário 1 (297.00 x 210.00 mm),1:1,
